app/build/intermediates/manifest_merge_blame_file/debug/manifest-merger-blame-debug-report.txt
1<?xml version="1.0" encoding="utf-8"?>
2<manifest xmlns:android="http://schemas.android.com/apk/res/android"
3    package="com.example.ptut_s3"
4    android:versionCode="1"
5    android:versionName="1.0" >
6
7    <uses-sdk
8        android:minSdkVersion="19"
8-->src/main/AndroidManifest.xml
9        android:targetSdkVersion="29" />
9-->src/main/AndroidManifest.xml
10
11    <uses-permission android:name="android.permission.INTERNET" />
11-->src/main/AndroidManifest.xml:5:5-67
11-->src/main/AndroidManifest.xml:5:22-64
12
13    <!-- Although the *SdkVersion is captured in gradle build files, this is required for non gradle builds -->
14    <!-- <uses-sdk android:minSdkVersion="14"/> -->
15    <uses-permission android:name="android.permission.ACCESS_NETWORK_STATE" />
15-->[com.google.firebase:firebase-database:17.0.0] AndroidManifest.xml:25:5-79
15-->[com.google.firebase:firebase-database:17.0.0] AndroidManifest.xml:25:22-76
16    <uses-permission android:name="android.permission.WAKE_LOCK" />
16-->[com.google.android.gms:play-services-measurement:17.0.0] AndroidManifest.xml:25:5-68
16-->[com.google.android.gms:play-services-measurement:17.0.0] AndroidManifest.xml:25:22-65
17    <uses-permission android:name="com.google.android.finsky.permission.BIND_GET_INSTALL_REFERRER_SERVICE" /> <!-- Required by older versions of Google Play services to create IID tokens -->
17-->[com.google.android.gms:play-services-measurement:17.0.0] AndroidManifest.xml:26:5-110
17-->[com.google.android.gms:play-services-measurement:17.0.0] AndroidManifest.xml:26:22-107
18    <uses-permission android:name="com.google.android.c2dm.permission.RECEIVE" />
18-->[com.google.firebase:firebase-iid:19.0.0] AndroidManifest.xml:26:5-82
18-->[com.google.firebase:firebase-iid:19.0.0] AndroidManifest.xml:26:22-79
19
20    <application
20-->src/main/AndroidManifest.xml:7:5-22:19
21        android:allowBackup="true"
21-->src/main/AndroidManifest.xml:8:9-35
22        android:appComponentFactory="androidx.core.app.CoreComponentFactory"
22-->[androidx.core:core:1.0.1] AndroidManifest.xml:22:18-86
23        android:debuggable="true"
24        android:icon="@mipmap/ic_launcher"
24-->src/main/AndroidManifest.xml:9:9-43
25        android:label="@string/app_name"
25-->src/main/AndroidManifest.xml:10:9-41
26        android:roundIcon="@mipmap/ic_launcher_round"
26-->src/main/AndroidManifest.xml:11:9-54
27        android:supportsRtl="true"
27-->src/main/AndroidManifest.xml:12:9-35
28        android:testOnly="true"
29        android:theme="@style/AppTheme" >
29-->src/main/AndroidManifest.xml:13:9-40
30        <activity android:name="com.example.ptut_s3.SelecEtu" >
30-->src/main/AndroidManifest.xml:14:9-19:20
30-->src/main/AndroidManifest.xml:14:19-43
31            <intent-filter>
31-->src/main/AndroidManifest.xml:15:13-18:29
32                <action android:name="android.intent.action.MAIN" />
32-->src/main/AndroidManifest.xml:16:17-69
32-->src/main/AndroidManifest.xml:16:25-66
33
34                <category android:name="android.intent.category.LAUNCHER" />
34-->src/main/AndroidManifest.xml:17:17-77
34-->src/main/AndroidManifest.xml:17:27-74
35            </intent-filter>
36        </activity>
37        <activity android:name="com.example.ptut_s3.DonnerRec" />
37-->src/main/AndroidManifest.xml:20:9-56
37-->src/main/AndroidManifest.xml:20:19-44
38        <activity android:name="com.example.ptut_s3.CreerRec" />
38-->src/main/AndroidManifest.xml:21:9-55
38-->src/main/AndroidManifest.xml:21:19-43
39
40        <service
40-->[com.google.firebase:firebase-database:17.0.0] AndroidManifest.xml:29:9-33:19
41            android:name="com.google.firebase.components.ComponentDiscoveryService"
41-->[com.google.firebase:firebase-database:17.0.0] AndroidManifest.xml:29:18-89
42            android:exported="false" >
42-->[com.google.android.gms:play-services-measurement-api:17.0.0] AndroidManifest.xml:29:13-37
43            <meta-data
43-->[com.google.firebase:firebase-database:17.0.0] AndroidManifest.xml:30:13-32:85
44                android:name="com.google.firebase.components:com.google.firebase.database.DatabaseRegistrar"
44-->[com.google.firebase:firebase-database:17.0.0] AndroidManifest.xml:31:17-109
45                android:value="com.google.firebase.components.ComponentRegistrar" />
45-->[com.google.firebase:firebase-database:17.0.0] AndroidManifest.xml:32:17-82
46            <meta-data
46-->[com.google.android.gms:play-services-measurement-api:17.0.0] AndroidManifest.xml:30:13-32:85
47                android:name="com.google.firebase.components:com.google.firebase.analytics.connector.internal.AnalyticsConnectorRegistrar"
47-->[com.google.android.gms:play-services-measurement-api:17.0.0] AndroidManifest.xml:31:17-139
48                android:value="com.google.firebase.components.ComponentRegistrar" />
48-->[com.google.android.gms:play-services-measurement-api:17.0.0] AndroidManifest.xml:32:17-82
49            <meta-data
49-->[com.google.firebase:firebase-iid:19.0.0] AndroidManifest.xml:32:13-34:85
50                android:name="com.google.firebase.components:com.google.firebase.iid.Registrar"
50-->[com.google.firebase:firebase-iid:19.0.0] AndroidManifest.xml:33:17-96
51                android:value="com.google.firebase.components.ComponentRegistrar" />
51-->[com.google.firebase:firebase-iid:19.0.0] AndroidManifest.xml:34:17-82
52        </service>
53
54        <receiver
54-->[com.google.android.gms:play-services-measurement:17.0.0] AndroidManifest.xml:29:9-33:20
55            android:name="com.google.android.gms.measurement.AppMeasurementReceiver"
55-->[com.google.android.gms:play-services-measurement:17.0.0] AndroidManifest.xml:30:13-85
56            android:enabled="true"
56-->[com.google.android.gms:play-services-measurement:17.0.0] AndroidManifest.xml:31:13-35
57            android:exported="false" >
57-->[com.google.android.gms:play-services-measurement:17.0.0] AndroidManifest.xml:32:13-37
58        </receiver>
59        <receiver
59-->[com.google.android.gms:play-services-measurement:17.0.0] AndroidManifest.xml:34:9-42:20
60            android:name="com.google.android.gms.measurement.AppMeasurementInstallReferrerReceiver"
60-->[com.google.android.gms:play-services-measurement:17.0.0] AndroidManifest.xml:35:13-100
61            android:enabled="true"
61-->[com.google.android.gms:play-services-measurement:17.0.0] AndroidManifest.xml:36:13-35
62            android:exported="true"
62-->[com.google.android.gms:play-services-measurement:17.0.0] AndroidManifest.xml:37:13-36
63            android:permission="android.permission.INSTALL_PACKAGES" >
63-->[com.google.android.gms:play-services-measurement:17.0.0] AndroidManifest.xml:38:13-69
64            <intent-filter>
64-->[com.google.android.gms:play-services-measurement:17.0.0] AndroidManifest.xml:39:13-41:29
65                <action android:name="com.android.vending.INSTALL_REFERRER" />
65-->[com.google.android.gms:play-services-measurement:17.0.0] AndroidManifest.xml:40:17-79
65-->[com.google.android.gms:play-services-measurement:17.0.0] AndroidManifest.xml:40:25-76
66            </intent-filter>
67        </receiver>
68
69        <service
69-->[com.google.android.gms:play-services-measurement:17.0.0] AndroidManifest.xml:44:9-47:40
70            android:name="com.google.android.gms.measurement.AppMeasurementService"
70-->[com.google.android.gms:play-services-measurement:17.0.0] AndroidManifest.xml:45:13-84
71            android:enabled="true"
71-->[com.google.android.gms:play-services-measurement:17.0.0] AndroidManifest.xml:46:13-35
72            android:exported="false" />
72-->[com.google.android.gms:play-services-measurement:17.0.0] AndroidManifest.xml:47:13-37
73        <service
73-->[com.google.android.gms:play-services-measurement:17.0.0] AndroidManifest.xml:48:9-52:72
74            android:name="com.google.android.gms.measurement.AppMeasurementJobService"
74-->[com.google.android.gms:play-services-measurement:17.0.0] AndroidManifest.xml:49:13-87
75            android:enabled="true"
75-->[com.google.android.gms:play-services-measurement:17.0.0] AndroidManifest.xml:50:13-35
76            android:exported="false"
76-->[com.google.android.gms:play-services-measurement:17.0.0] AndroidManifest.xml:51:13-37
77            android:permission="android.permission.BIND_JOB_SERVICE" />
77-->[com.google.android.gms:play-services-measurement:17.0.0] AndroidManifest.xml:52:13-69
78
79        <receiver
79-->[com.google.firebase:firebase-iid:19.0.0] AndroidManifest.xml:37:9-44:20
80            android:name="com.google.firebase.iid.FirebaseInstanceIdReceiver"
80-->[com.google.firebase:firebase-iid:19.0.0] AndroidManifest.xml:38:13-78
81            android:exported="true"
81-->[com.google.firebase:firebase-iid:19.0.0] AndroidManifest.xml:39:13-36
82            android:permission="com.google.android.c2dm.permission.SEND" >
82-->[com.google.firebase:firebase-iid:19.0.0] AndroidManifest.xml:40:13-73
83            <intent-filter>
83-->[com.google.firebase:firebase-iid:19.0.0] AndroidManifest.xml:41:13-43:29
84                <action android:name="com.google.android.c2dm.intent.RECEIVE" />
84-->[com.google.firebase:firebase-iid:19.0.0] AndroidManifest.xml:42:17-81
84-->[com.google.firebase:firebase-iid:19.0.0] AndroidManifest.xml:42:25-78
85            </intent-filter>
86        </receiver>
87
88        <provider
88-->[com.google.firebase:firebase-common:18.0.0] AndroidManifest.xml:12:9-16:39
89            android:name="com.google.firebase.provider.FirebaseInitProvider"
89-->[com.google.firebase:firebase-common:18.0.0] AndroidManifest.xml:13:13-77
90            android:authorities="com.example.ptut_s3.firebaseinitprovider"
90-->[com.google.firebase:firebase-common:18.0.0] AndroidManifest.xml:14:13-72
91            android:exported="false"
91-->[com.google.firebase:firebase-common:18.0.0] AndroidManifest.xml:15:13-37
92            android:initOrder="100" />
92-->[com.google.firebase:firebase-common:18.0.0] AndroidManifest.xml:16:13-36
93
94        <activity
94-->[com.google.android.gms:play-services-base:17.0.0] AndroidManifest.xml:23:9-26:75
95            android:name="com.google.android.gms.common.api.GoogleApiActivity"
95-->[com.google.android.gms:play-services-base:17.0.0] AndroidManifest.xml:24:13-79
96            android:exported="false"
96-->[com.google.android.gms:play-services-base:17.0.0] AndroidManifest.xml:25:13-37
97            android:theme="@android:style/Theme.Translucent.NoTitleBar" />
97-->[com.google.android.gms:play-services-base:17.0.0] AndroidManifest.xml:26:13-72
98
99        <meta-data
99-->[com.google.android.gms:play-services-basement:17.0.0] AndroidManifest.xml:23:9-25:69
100            android:name="com.google.android.gms.version"
100-->[com.google.android.gms:play-services-basement:17.0.0] AndroidManifest.xml:24:13-58
101            android:value="@integer/google_play_services_version" />
101-->[com.google.android.gms:play-services-basement:17.0.0] AndroidManifest.xml:25:13-66
102    </application>
103
104</manifest>